D:\OTHERS\KANGKANG_CODE\3-GCVT\GENERALIZEDCVT\GENERALIZEDCVTKFILES_YU_TEST_4_FELITCITY_4\DEBUG\GENERALIZEDCVT.OBJ
D:\OTHERS\KANGKANG_CODE\3-GCVT\GENERALIZEDCVT\GENERALIZEDCVTKFILES_YU_TEST_4_FELITCITY_4\DEBUG\GENERALIZEDCVTKFILES.EXE
D:\OTHERS\KANGKANG_CODE\3-GCVT\GENERALIZEDCVT\GENERALIZEDCVTKFILES_YU_TEST_4_FELITCITY_4\DEBUG\GENERALIZEDCVTKFILES.EXE.EMBED.MANIFEST
D:\OTHERS\KANGKANG_CODE\3-GCVT\GENERALIZEDCVT\GENERALIZEDCVTKFILES_YU_TEST_4_FELITCITY_4\DEBUG\GENERALIZEDCVTKFILES.EXE.EMBED.MANIFEST.RES
D:\OTHERS\KANGKANG_CODE\3-GCVT\GENERALIZEDCVT\GENERALIZEDCVTKFILES_YU_TEST_4_FELITCITY_4\DEBUG\GENERALIZEDCVTKFILES.EXE.INTERMEDIATE.MANIFEST
D:\OTHERS\KANGKANG_CODE\3-GCVT\GENERALIZEDCVT\GENERALIZEDCVTKFILES_YU_TEST_4_FELITCITY_4\DEBUG\GENERALIZEDCVTKFILES.ILK
D:\OTHERS\KANGKANG_CODE\3-GCVT\GENERALIZEDCVT\GENERALIZEDCVTKFILES_YU_TEST_4_FELITCITY_4\DEBUG\GENERALIZEDCVTKFILES.PDB
D:\OTHERS\KANGKANG_CODE\3-GCVT\GENERALIZEDCVT\GENERALIZEDCVTKFILES_YU_TEST_4_FELITCITY_4\DEBUG\MAIN.OBJ
D:\OTHERS\KANGKANG_CODE\3-GCVT\GENERALIZEDCVT\GENERALIZEDCVTKFILES_YU_TEST_4_FELITCITY_4\DEBUG\RAWMESH.OBJ
D:\OTHERS\KANGKANG_CODE\3-GCVT\GENERALIZEDCVT\GENERALIZEDCVTKFILES_YU_TEST_4_FELITCITY_4\DEBUG\VC100.PDB
D:\OTHERS\KangKang_code\3-gCVT\GeneralizedCVT\GeneralizedCVTKfiles_yu_test_4_heli_4\Debug\cl.command.1.tlog
D:\OTHERS\KangKang_code\3-gCVT\GeneralizedCVT\GeneralizedCVTKfiles_yu_test_4_heli_4\Debug\CL.read.1.tlog
D:\OTHERS\KangKang_code\3-gCVT\GeneralizedCVT\GeneralizedCVTKfiles_yu_test_4_heli_4\Debug\CL.write.1.tlog
D:\OTHERS\KANGKANG_CODE\3-GCVT\GENERALIZEDCVT\GENERALIZEDCVTKFILES_YU_TEST_4_HELI_4\DEBUG\GENERALIZEDCVT.OBJ
D:\OTHERS\KANGKANG_CODE\3-GCVT\GENERALIZEDCVT\GENERALIZEDCVTKFILES_YU_TEST_4_HELI_4\DEBUG\GENERALIZEDCVTKFILES.EXE
D:\OTHERS\KangKang_code\3-gCVT\GeneralizedCVT\GeneralizedCVTKfiles_yu_test_4_heli_4\Debug\GeneralizedCVTKfiles.exe.embed.manifest
D:\OTHERS\KANGKANG_CODE\3-GCVT\GENERALIZEDCVT\GENERALIZEDCVTKFILES_YU_TEST_4_HELI_4\DEBUG\GENERALIZEDCVTKFILES.EXE.EMBED.MANIFEST.RES
D:\OTHERS\KANGKANG_CODE\3-GCVT\GENERALIZEDCVT\GENERALIZEDCVTKFILES_YU_TEST_4_HELI_4\DEBUG\GENERALIZEDCVTKFILES.EXE.INTERMEDIATE.MANIFEST
D:\OTHERS\KANGKANG_CODE\3-GCVT\GENERALIZEDCVT\GENERALIZEDCVTKFILES_YU_TEST_4_HELI_4\DEBUG\GENERALIZEDCVTKFILES.ILK
D:\OTHERS\KANGKANG_CODE\3-GCVT\GENERALIZEDCVT\GENERALIZEDCVTKFILES_YU_TEST_4_HELI_4\DEBUG\GENERALIZEDCVTKFILES.PDB
D:\OTHERS\KangKang_code\3-gCVT\GeneralizedCVT\GeneralizedCVTKfiles_yu_test_4_heli_4\Debug\GeneralizedCVTKfiles.vcxprojResolveAssemblyReference.cache
D:\OTHERS\KangKang_code\3-gCVT\GeneralizedCVT\GeneralizedCVTKfiles_yu_test_4_heli_4\Debug\GeneralizedCVTKfiles.write.1.tlog
D:\OTHERS\KangKang_code\3-gCVT\GeneralizedCVT\GeneralizedCVTKfiles_yu_test_4_heli_4\Debug\GeneralizedCVTKfiles_manifest.rc
D:\OTHERS\KangKang_code\3-gCVT\GeneralizedCVT\GeneralizedCVTKfiles_yu_test_4_heli_4\Debug\link.19224.read.1.tlog
D:\OTHERS\KangKang_code\3-gCVT\GeneralizedCVT\GeneralizedCVTKfiles_yu_test_4_heli_4\Debug\link.19224.write.1.tlog
D:\OTHERS\KangKang_code\3-gCVT\GeneralizedCVT\GeneralizedCVTKfiles_yu_test_4_heli_4\Debug\link.19224-cvtres.read.1.tlog
D:\OTHERS\KangKang_code\3-gCVT\GeneralizedCVT\GeneralizedCVTKfiles_yu_test_4_heli_4\Debug\link.19224-cvtres.write.1.tlog
D:\OTHERS\KangKang_code\3-gCVT\GeneralizedCVT\GeneralizedCVTKfiles_yu_test_4_heli_4\Debug\link.command.1.tlog
D:\OTHERS\KangKang_code\3-gCVT\GeneralizedCVT\GeneralizedCVTKfiles_yu_test_4_heli_4\Debug\link.read.1.tlog
D:\OTHERS\KangKang_code\3-gCVT\GeneralizedCVT\GeneralizedCVTKfiles_yu_test_4_heli_4\Debug\link.write.1.tlog
D:\OTHERS\KangKang_code\3-gCVT\GeneralizedCVT\GeneralizedCVTKfiles_yu_test_4_heli_4\Debug\link-cvtres.read.1.tlog
D:\OTHERS\KangKang_code\3-gCVT\GeneralizedCVT\GeneralizedCVTKfiles_yu_test_4_heli_4\Debug\link-cvtres.write.1.tlog
D:\OTHERS\KANGKANG_CODE\3-GCVT\GENERALIZEDCVT\GENERALIZEDCVTKFILES_YU_TEST_4_HELI_4\DEBUG\MAIN.OBJ
D:\OTHERS\KangKang_code\3-gCVT\GeneralizedCVT\GeneralizedCVTKfiles_yu_test_4_heli_4\Debug\mt.command.1.tlog
D:\OTHERS\KangKang_code\3-gCVT\GeneralizedCVT\GeneralizedCVTKfiles_yu_test_4_heli_4\Debug\mt.read.1.tlog
D:\OTHERS\KangKang_code\3-gCVT\GeneralizedCVT\GeneralizedCVTKfiles_yu_test_4_heli_4\Debug\mt.write.1.tlog
D:\OTHERS\KANGKANG_CODE\3-GCVT\GENERALIZEDCVT\GENERALIZEDCVTKFILES_YU_TEST_4_HELI_4\DEBUG\RAWMESH.OBJ
D:\OTHERS\KangKang_code\3-gCVT\GeneralizedCVT\GeneralizedCVTKfiles_yu_test_4_heli_4\Debug\rc.command.1.tlog
D:\OTHERS\KangKang_code\3-gCVT\GeneralizedCVT\GeneralizedCVTKfiles_yu_test_4_heli_4\Debug\rc.read.1.tlog
D:\OTHERS\KangKang_code\3-gCVT\GeneralizedCVT\GeneralizedCVTKfiles_yu_test_4_heli_4\Debug\rc.write.1.tlog
D:\OTHERS\KangKang_code\3-gCVT\GeneralizedCVT\GeneralizedCVTKfiles_yu_test_4_heli_4\Debug\vc100.idb
D:\OTHERS\KANGKANG_CODE\3-GCVT\GENERALIZEDCVT\GENERALIZEDCVTKFILES_YU_TEST_4_HELI_4\DEBUG\VC100.PDB
